  [1m[35m (118.5ms)[0m  [1m[35mCREATE TABLE "schema_migrations" ("version" character varying NOT NULL PRIMARY KEY)[0m
  [1m[35m (106.4ms)[0m  [1m[35mCREATE TABLE "ar_internal_metadata" ("key" character varying NOT NULL PRIMARY KEY, "value" character varying, "created_at" timestamp NOT NULL, "updated_at" timestamp NOT NULL)[0m
  [1m[35m (0.3ms)[0m  [1m[34mSELECT pg_try_advisory_lock(2252831324613863175)[0m
  [1m[35m (0.6ms)[0m  [1m[34mSELECT "schema_migrations"."version" FROM "schema_migrations" ORDER BY "schema_migrations"."version" ASC[0m
Migrating to CreateProducts (20180901102417)
  [1m[35m (0.2ms)[0m  [1m[35mBEGIN[0m
  [1m[35m (86.9ms)[0m  [1m[35mCREATE TABLE "products" ("id" bigserial primary key, "name" character varying, "brand" character varying, "model" character varying, "price" character varying, "created_at" timestamp NOT NULL, "updated_at" timestamp NOT NULL)[0m
  [1m[35mSQL (0.5ms)[0m  [1m[32mINSERT INTO "schema_migrations" ("version") VALUES ($1) RETURNING "version"[0m  [["version", "20180901102417"]]
  [1m[35m (17.9ms)[0m  [1m[35mCOMMIT[0m
Migrating to CreateCarts (20180901113428)
  [1m[35m (0.2ms)[0m  [1m[35mBEGIN[0m
  [1m[35m (77.9ms)[0m  [1m[35mCREATE TABLE "carts" ("id" bigserial primary key, "item_id" character varying, "quantity" integer, "item_total" integer, "created_at" timestamp NOT NULL, "updated_at" timestamp NOT NULL)[0m
  [1m[35mSQL (0.3ms)[0m  [1m[32mINSERT INTO "schema_migrations" ("version") VALUES ($1) RETURNING "version"[0m  [["version", "20180901113428"]]
  [1m[35m (18.2ms)[0m  [1m[35mCOMMIT[0m
  [1m[36mActiveRecord::InternalMetadata Load (0.4ms)[0m  [1m[34mSELECT  "ar_internal_metadata".* FROM "ar_internal_metadata" WHERE "ar_internal_metadata"."key" = $1 LIMIT $2[0m  [["key", "environment"], ["LIMIT", 1]]
  [1m[35m (0.5ms)[0m  [1m[35mBEGIN[0m
  [1m[35mSQL (0.5ms)[0m  [1m[32mINSERT INTO "ar_internal_metadata" ("key", "value", "created_at", "updated_at") VALUES ($1, $2, $3, $4) RETURNING "key"[0m  [["key", "environment"], ["value", "development"], ["created_at", "2018-09-03 23:04:20.874173"], ["updated_at", "2018-09-03 23:04:20.874173"]]
  [1m[35m (9.1ms)[0m  [1m[35mCOMMIT[0m
  [1m[35m (0.3ms)[0m  [1m[34mSELECT pg_advisory_unlock(2252831324613863175)[0m
  [1m[35m (0.3ms)[0m  [1m[34mSELECT "schema_migrations"."version" FROM "schema_migrations" ORDER BY "schema_migrations"."version" ASC[0m
Started GET "/getProducts" for 127.0.0.1 at 2018-09-04 04:34:37 +0530
Started GET "/getCart" for 127.0.0.1 at 2018-09-04 04:34:37 +0530
  [1m[35m (1.5ms)[0m  [1m[34mSELECT "schema_migrations"."version" FROM "schema_migrations" ORDER BY "schema_migrations"."version" ASC[0m
  [1m[35m (1.3ms)[0m  [1m[34mSELECT "schema_migrations"."version" FROM "schema_migrations" ORDER BY "schema_migrations"."version" ASC[0m
Processing by CartsController#index as HTML
Processing by ProductsController#index as HTML
  [1m[36mProduct Load (1.8ms)[0m  [1m[34mSELECT "products".* FROM "products"[0m
Completed 200 OK in 16ms (Views: 3.9ms | ActiveRecord: 6.0ms)


  Rendering carts/index.json.jbuilder
  [1m[36mCart Load (1.9ms)[0m  [1m[34mSELECT "carts".* FROM "carts"[0m
  Rendered carts/index.json.jbuilder (29.6ms)
Completed 200 OK in 76ms (Views: 54.3ms | ActiveRecord: 3.8ms)


Started GET "/getCart" for 127.0.0.1 at 2018-09-04 04:40:09 +0530
Processing by CartsController#index as HTML
  Rendering carts/index.json.jbuilder
  [1m[36mCart Load (2.5ms)[0m  [1m[34mSELECT "carts".* FROM "carts"[0m
  Rendered carts/index.json.jbuilder (28.8ms)
Completed 200 OK in 32ms (Views: 17.9ms | ActiveRecord: 13.4ms)


Started POST "/addProduct" for 127.0.0.1 at 2018-09-04 04:40:28 +0530
Processing by ProductsController#create as HTML
  Parameters: {"name"=>"mobile", "brand"=>"MI", "model"=>"3s", "price"=>10000, "product"=>{"name"=>"mobile", "brand"=>"MI", "model"=>"3s", "price"=>10000}}
  [1m[35m (0.3ms)[0m  [1m[35mBEGIN[0m
  [1m[35mSQL (1.1ms)[0m  [1m[32mINSERT INTO "products" ("name", "brand", "model", "price", "created_at", "updated_at") VALUES ($1, $2, $3, $4, $5, $6) RETURNING "id"[0m  [["name", "mobile"], ["brand", "MI"], ["model", "3s"], ["price", "10000"], ["created_at", "2018-09-03 23:10:28.327730"], ["updated_at", "2018-09-03 23:10:28.327730"]]
  [1m[35m (28.2ms)[0m  [1m[35mCOMMIT[0m
Completed 200 OK in 51ms (Views: 0.3ms | ActiveRecord: 33.4ms)


Started GET "/getProducts" for 127.0.0.1 at 2018-09-04 04:40:28 +0530
Processing by ProductsController#index as HTML
Started GET "/getCart" for 127.0.0.1 at 2018-09-04 04:40:28 +0530
Processing by CartsController#index as HTML
  [1m[36mProduct Load (3.4ms)[0m  [1m[34mSELECT "products".* FROM "products"[0m
  Rendering carts/index.json.jbuilder
  [1m[36mCart Load (0.7ms)[0m  [1m[34mSELECT "carts".* FROM "carts"[0m
  Rendered carts/index.json.jbuilder (39.2ms)
Completed 200 OK in 46ms (Views: 27.9ms | ActiveRecord: 17.1ms)


Completed 200 OK in 55ms (Views: 50.3ms | ActiveRecord: 3.4ms)


Started POST "/addToCart" for 127.0.0.1 at 2018-09-04 04:40:39 +0530
Processing by CartsController#create as HTML
  Parameters: {"id"=>1, "name"=>"mobile", "brand"=>"MI", "model"=>"3s", "price"=>"10000", "created_at"=>"2018-09-03T23:10:28.327Z", "updated_at"=>"2018-09-03T23:10:28.327Z", "cart"=>{"id"=>1, "created_at"=>"2018-09-03T23:10:28.327Z", "updated_at"=>"2018-09-03T23:10:28.327Z"}}
  [1m[36mCart Load (1.2ms)[0m  [1m[34mSELECT "carts".* FROM "carts" WHERE "carts"."item_id" = $1[0m  [["item_id", "1"]]
  [1m[35m (0.3ms)[0m  [1m[35mBEGIN[0m
  [1m[35mSQL (0.7ms)[0m  [1m[32mINSERT INTO "carts" ("item_id", "quantity", "item_total", "created_at", "updated_at") VALUES ($1, $2, $3, $4, $5) RETURNING "id"[0m  [["item_id", "1"], ["quantity", 1], ["item_total", 10000], ["created_at", "2018-09-03 23:10:39.114696"], ["updated_at", "2018-09-03 23:10:39.114696"]]
  [1m[35m (43.1ms)[0m  [1m[35mCOMMIT[0m
Completed 200 OK in 64ms (Views: 0.3ms | ActiveRecord: 50.0ms)


Started GET "/getCart" for 127.0.0.1 at 2018-09-04 04:40:41 +0530
Processing by CartsController#index as HTML
  Rendering carts/index.json.jbuilder
  [1m[36mCart Load (0.6ms)[0m  [1m[34mSELECT "carts".* FROM "carts"[0m
  [1m[36mProduct Load (1.1ms)[0m  [1m[34mSELECT  "products".* FROM "products" WHERE "products"."id" = $1 ORDER BY "products"."id" ASC LIMIT $2[0m  [["id", 1], ["LIMIT", 1]]
  Rendered carts/index.json.jbuilder (8.2ms)
Completed 200 OK in 11ms (Views: 8.7ms | ActiveRecord: 1.7ms)


Started GET "/getProducts" for 127.0.0.1 at 2018-09-04 04:40:43 +0530
Processing by ProductsController#index as HTML
Started GET "/getCart" for 127.0.0.1 at 2018-09-04 04:40:43 +0530
Processing by CartsController#index as HTML
  [1m[36mProduct Load (2.5ms)[0m  [1m[34mSELECT "products".* FROM "products"[0m
Completed 200 OK in 6ms (Views: 2.6ms | ActiveRecord: 2.5ms)


  Rendering carts/index.json.jbuilder
  [1m[36mCart Load (0.5ms)[0m  [1m[34mSELECT "carts".* FROM "carts"[0m
  [1m[36mProduct Load (1.2ms)[0m  [1m[34mSELECT  "products".* FROM "products" WHERE "products"."id" = $1 ORDER BY "products"."id" ASC LIMIT $2[0m  [["id", 1], ["LIMIT", 1]]
  Rendered carts/index.json.jbuilder (5.9ms)
Completed 200 OK in 11ms (Views: 8.8ms | ActiveRecord: 1.7ms)


Started GET "/getProducts" for 127.0.0.1 at 2018-09-04 04:40:48 +0530
Started GET "/getCart" for 127.0.0.1 at 2018-09-04 04:40:48 +0530
Processing by ProductsController#index as HTML
Processing by CartsController#index as HTML
  Rendering carts/index.json.jbuilder
  [1m[36mProduct Load (1.5ms)[0m  [1m[34mSELECT "products".* FROM "products"[0m
Completed 200 OK in 11ms (Views: 9.1ms | ActiveRecord: 1.5ms)


  [1m[36mCart Load (3.6ms)[0m  [1m[34mSELECT "carts".* FROM "carts"[0m
  [1m[36mProduct Load (0.8ms)[0m  [1m[34mSELECT  "products".* FROM "products" WHERE "products"."id" = $1 ORDER BY "products"."id" ASC LIMIT $2[0m  [["id", 1], ["LIMIT", 1]]
  Rendered carts/index.json.jbuilder (11.5ms)
Completed 200 OK in 17ms (Views: 12.3ms | ActiveRecord: 4.3ms)


